ok 1 - parsed 3 + 4
ok 2 - computed 3 + 4 = 7
ok 3 - parsed 3 - 4
ok 4 - computed 3 - 4 = -1
ok 5 - parsed 7
ok 6 - computed 7 = 7
ok 7 - parsed 1 + 2 + 3
ok 8 - computed 1 + 2 + 3 = 6
ok 9 - parsed 1 + 3 + 5 + 7
ok 10 - computed 1 + 3 + 5 + 7 = 16
ok 11 - parsed 7 + 8 - 3
ok 12 - computed 7 + 8 - 3 = 12
ok 13 - parsed 14 - 4
ok 14 - computed 14 - 4 = 10
ok 15 - parsed 14 - 4 - 3
ok 16 - computed 14 - 4 - 3 = 7
ok 17 - parsed 100 - 200 + 300 + 1 - 2
ok 18 - computed 100 - 200 + 300 + 1 - 2 = 199
ok 19 - parsed 3 * 4
ok 20 - computed 3 * 4 = 12
ok 21 - parsed 100 / 25
ok 22 - computed 100 / 25 = 4
ok 23 - parsed 1 + 2 * 3
ok 24 - computed 1 + 2 * 3 = 7
ok 25 - parsed 1 + 2 - 3 * 4 / 5
ok 26 - computed 1 + 2 - 3 * 4 / 5 = 0.6
ok 27 - parsed 2 ** 3
ok 28 - computed 2 ** 3 = 8
ok 29 - parsed 2 + 3 ** 4
ok 30 - computed 2 + 3 ** 4 = 83
ok 31 - parsed 1 + 2 * 3 ** 4 - 5 * 6
ok 32 - computed 1 + 2 * 3 ** 4 - 5 * 6 = 133
ok 33 - parsed 2 ** 3 - 4
ok 34 - computed 2 ** 3 - 4 = 4
ok 35 - parsed 10 * (20 - 30)
ok 36 - computed 10 * (20 - 30) = -100
ok 37 - parsed 10 * 20 - 30
ok 38 - computed 10 * 20 - 30 = 170
ok 39 - parsed (5 * 6)
ok 40 - computed (5 * 6) = 30
ok 41 - parsed (10)
ok 42 - computed (10) = 10
ok 43 - parsed 1 - (5 * (3 + 4)) / 2
ok 44 - computed 1 - (5 * (3 + 4)) / 2 = -16.5
