｢x = 42;
y = x; 
print x; 
print y; 
print 7; 
｣
 statements => ｢x = 42;
y = x; 
print x; 
print y; 
print 7; 
｣
  statement => ｢x = 42｣
   assignment => ｢x = 42｣
    identifier => ｢x｣
    expression => ｢42｣
     value => ｢42｣
  statement => ｢y = x｣
   assignment => ｢y = x｣
    identifier => ｢y｣
    expression => ｢x｣
     identifier => ｢x｣
  statement => ｢print x｣
   printout => ｢print x｣
    expression => ｢x｣
     identifier => ｢x｣
  statement => ｢print y｣
   printout => ｢print y｣
    expression => ｢y｣
     identifier => ｢y｣
  statement => ｢print 7｣
   printout => ｢print 7｣
    expression => ｢7｣
     value => ｢7｣
