☭
1
NFC:0x<262d>
NFD:0x<262d>
NFKC:0x<262d>
NFKD:0x<262d>
HAMMER AND SICKLE
So
(9773)
3
1
utf8:0x<E2 98 AD>

ы
1
NFC:0x<044b>
NFD:0x<044b>
NFKC:0x<044b>
NFKD:0x<044b>
CYRILLIC SMALL LETTER YERU
Ll
(1099)
2
1
utf8:0x<D1 8B>

å
1
NFC:0x<00e5>
NFD:0x<0061 030a>
NFKC:0x<00e5>
NFKD:0x<0061 030a>
LATIN SMALL LETTER A WITH RING ABOVE
Ll
(97 778)
2
1
utf8:0x<C3 A5>

é
1
NFC:0x<00e9>
NFD:0x<0065 0301>
NFKC:0x<00e9>
NFKD:0x<0065 0301>
LATIN SMALL LETTER E WITH ACUTE
Ll
(101 769)
2
1
utf8:0x<C3 A9>

ϔ
1
NFC:0x<03d4>
NFD:0x<03d2 0308>
NFKC:0x<03ab>
NFKD:0x<03a5 0308>
GREEK UPSILON WITH DIAERESIS AND HOOK SYMBOL
Lu
(978 776)
2
1
utf8:0x<CF 94>

й
1
NFC:0x<0439>
NFD:0x<0438 0306>
NFKC:0x<0439>
NFKD:0x<0438 0306>
CYRILLIC SMALL LETTER SHORT I
Ll
(1080 774)
2
1
utf8:0x<D0 B9>

²
1
NFC:0x<00b2>
NFD:0x<00b2>
NFKC:0x<0032>
NFKD:0x<0032>
SUPERSCRIPT TWO
No
(178)
2
1
utf8:0x<C2 B2>

Æ
1
NFC:0x<00c6>
NFD:0x<00c6>
NFKC:0x<00c6>
NFKD:0x<00c6>
LATIN CAPITAL LETTER AE
Lu
(198)
2
1
utf8:0x<C3 86>

