p(0) = 1
p(1) = 2
p(2) = 4
p(3) = 7
p(4) = 11
p(5) = 16
p(6) = 22
p(7) = 29
p(8) = 37
p(9) = 46
p(10) = 56
p(11) = 67
p(12) = 79
p(13) = 92
p(14) = 106
p(15) = 121
p(16) = 137
p(17) = 154
p(18) = 172
p(19) = 191
p(20) = 211
p(21) = 232
p(22) = 254
p(23) = 277
p(24) = 301
p(25) = 326
p(26) = 352
p(27) = 379
p(28) = 407
p(29) = 436
p(30) = 466
p(31) = 497
p(32) = 529
p(33) = 562
p(34) = 596
p(35) = 631
p(36) = 667
p(37) = 704
p(38) = 742
p(39) = 781
p(40) = 821
p(41) = 862
p(42) = 904
p(43) = 947
p(44) = 991
p(45) = 1036
p(46) = 1082
p(47) = 1129
p(48) = 1177
p(49) = 1226
p(50) = 1276
p(51) = 1327
p(52) = 1379
p(53) = 1432
p(54) = 1486
p(55) = 1541
p(56) = 1597
p(57) = 1654
p(58) = 1712
p(59) = 1771
p(60) = 1831
p(61) = 1892
p(62) = 1954
p(63) = 2017
p(64) = 2081
p(65) = 2146
p(66) = 2212
p(67) = 2279
p(68) = 2347
p(69) = 2416
p(70) = 2486
p(71) = 2557
p(72) = 2629
p(73) = 2702
p(74) = 2776
p(75) = 2851
p(76) = 2927
p(77) = 3004
p(78) = 3082
p(79) = 3161
p(80) = 3241
p(81) = 3322
p(82) = 3404
p(83) = 3487
p(84) = 3571
p(85) = 3656
p(86) = 3742
p(87) = 3829
p(88) = 3917
p(89) = 4006
p(90) = 4096
p(91) = 4187
p(92) = 4279
p(93) = 4372
p(94) = 4466
p(95) = 4561
p(96) = 4657
p(97) = 4754
p(98) = 4852
p(99) = 4951
p(100) = 5051
