1 = 1
2 = 2
3 = 3
1 + 2 = 3
1 + 3 = 4
5 = 5
2 + 3 = 5
1 + 5 = 6
1 + 2 + 3 = 6
2 + 5 = 7
8 = 8
3 + 5 = 8
1 + 2 + 5 = 8
1 + 8 = 9
1 + 3 + 5 = 9
2 + 8 = 10
2 + 3 + 5 = 10
3 + 8 = 11
1 + 2 + 8 = 11
1 + 2 + 3 + 5 = 11
1 + 3 + 8 = 12
13 = 13
5 + 8 = 13
2 + 3 + 8 = 13
1 + 13 = 14
1 + 5 + 8 = 14
1 + 2 + 3 + 8 = 14
2 + 13 = 15
2 + 5 + 8 = 15
3 + 13 = 16
1 + 2 + 13 = 16
3 + 5 + 8 = 16
1 + 2 + 5 + 8 = 16
1 + 3 + 13 = 17
1 + 3 + 5 + 8 = 17
5 + 13 = 18
2 + 3 + 13 = 18
2 + 3 + 5 + 8 = 18
1 + 5 + 13 = 19
1 + 2 + 3 + 13 = 19
1 + 2 + 3 + 5 + 8 = 19
2 + 5 + 13 = 20
21 = 21
8 + 13 = 21
3 + 5 + 13 = 21
1 + 2 + 5 + 13 = 21
1 + 21 = 22
1 + 8 + 13 = 22
1 + 3 + 5 + 13 = 22
2 + 21 = 23
2 + 8 + 13 = 23
2 + 3 + 5 + 13 = 23
3 + 21 = 24
1 + 2 + 21 = 24
3 + 8 + 13 = 24
1 + 2 + 8 + 13 = 24
1 + 2 + 3 + 5 + 13 = 24
1 + 3 + 21 = 25
1 + 3 + 8 + 13 = 25
5 + 21 = 26
2 + 3 + 21 = 26
5 + 8 + 13 = 26
2 + 3 + 8 + 13 = 26
1 + 5 + 21 = 27
1 + 2 + 3 + 21 = 27
1 + 5 + 8 + 13 = 27
1 + 2 + 3 + 8 + 13 = 27
2 + 5 + 21 = 28
2 + 5 + 8 + 13 = 28
8 + 21 = 29
3 + 5 + 21 = 29
1 + 2 + 5 + 21 = 29
3 + 5 + 8 + 13 = 29
1 + 2 + 5 + 8 + 13 = 29
1 + 8 + 21 = 30
1 + 3 + 5 + 21 = 30
1 + 3 + 5 + 8 + 13 = 30
2 + 8 + 21 = 31
2 + 3 + 5 + 21 = 31
2 + 3 + 5 + 8 + 13 = 31
3 + 8 + 21 = 32
1 + 2 + 8 + 21 = 32
1 + 2 + 3 + 5 + 21 = 32
1 + 2 + 3 + 5 + 8 + 13 = 32
1 + 3 + 8 + 21 = 33
34 = 34
13 + 21 = 34
5 + 8 + 21 = 34
2 + 3 + 8 + 21 = 34
1 + 34 = 35
1 + 13 + 21 = 35
1 + 5 + 8 + 21 = 35
1 + 2 + 3 + 8 + 21 = 35
2 + 34 = 36
2 + 13 + 21 = 36
2 + 5 + 8 + 21 = 36
3 + 34 = 37
1 + 2 + 34 = 37
3 + 13 + 21 = 37
1 + 2 + 13 + 21 = 37
3 + 5 + 8 + 21 = 37
1 + 2 + 5 + 8 + 21 = 37
1 + 3 + 34 = 38
1 + 3 + 13 + 21 = 38
1 + 3 + 5 + 8 + 21 = 38
5 + 34 = 39
2 + 3 + 34 = 39
5 + 13 + 21 = 39
2 + 3 + 13 + 21 = 39
2 + 3 + 5 + 8 + 21 = 39
1 + 5 + 34 = 40
1 + 2 + 3 + 34 = 40
1 + 5 + 13 + 21 = 40
1 + 2 + 3 + 13 + 21 = 40
1 + 2 + 3 + 5 + 8 + 21 = 40
2 + 5 + 34 = 41
2 + 5 + 13 + 21 = 41
8 + 34 = 42
3 + 5 + 34 = 42
8 + 13 + 21 = 42
1 + 2 + 5 + 34 = 42
3 + 5 + 13 + 21 = 42
1 + 2 + 5 + 13 + 21 = 42
