10022001
20022002
01022010
11022011
21022012
02022020
12022021
22022022
03022030
13022031
23022032
04022040
14022041
24022042
05022050
15022051
25022052
06022060
16022061
26022062
07022070
17022071
27022072
08022080
18022081
28022082
09022090
19022091
29022092
10122101
20122102
30122103
01122110
11122111
21122112
31122113
02122120
12122121
22122122
03122130
13122131
23122132
04122140
14122141
24122142
05122150
15122151
25122152
06122160
16122161
26122162
07122170
17122171
27122172
08122180
18122181
28122182
09122190
19122191
29122192
