countvowels.pl
license-plate.pl
longestpalindrome.pl
squares2.pl
polar.pl
approx.pl
calculator-grammars.pl
palindrome.pl
camel-case.pl
prime.pl
srand.pl
double-spaces.pl
run.pl
roman.pl
firstodd2.pl
repeatedwords.pl
countwords1.pl
isinlist4.pl
duptext.pl
reversestring.pl
array-to-sub.pl
longestcommon.pl
intersectingcircles.pl
dir.pl
power2-2.pl
bit-count.pl
factorial1.pl
increase-digits.pl
leapyear1.pl
list.txt
removespaces.pl
anagrams.pl
templating.pl
stringlength.pl
std-deviation.pl
morse4.pl
oddnumbers3.pl
roman2.pl
dna-rna.pl
squares3.pl
increasing.pl
swap4.pl
primelist.pl
greetname2.pl
sleep-sort.pl
cat.pl
leapyear.pl
uniq2.pl
double-character.pl
multiply.pl
swap.pl
power2.pl
most-frequent-word-2.pl
ordergetmax.pl
producttable6.pl
isinlist.pl
primelist3.pl
datediffs.pl
unique.pl
moving-average.pl
prime2.pl
palindrome3.pl
password4.pl
pig-latin.pl
spell-number3.pl
sumofnumbers2.pl
count-values.pl
helloworld2.pl
producttable2.pl
count-element.pl
palindrome2.pl
calculator-regexes.pl
evennumbers1.pl
spell-number2.pl
sumofelements2.pl
producttable3.pl
timeout.pl
pod.pl
distance.pl
greetname3.pl
currenttime.pl
bin2dec2.pl
vowels.pl
sumofelements.pl
trim.pl
pi.pl
roman-test.pl
rotatelist4.pl
helloworld.bf
primelist2.pl
unicode-digits.pl
formatted-datetime.pl
swap2.pl
README.md
increment-array.pl
array-comb.pl
rotatelist3.pl
evennumbers2.pl
rand.pl
transpose-matrix.pl
uniq.pl
prime-factors.pl
balanced-brackets.pl
primelist5.pl
text.pod
shuffle.pl
password2.pl
formattedtime.pl
cat2.pl
producttable.pl
perfect.pl
unicode-digits.txt
pascal-triangle.pl
currency-converter.pl
producttable4.pl
fibonacci2.pl
oddnumbers.pl
guessnumber2.pl
dec2bin.pl
greetname1.pl
password3.pl
bin2dec.pl
incfilename.pl
uniquedigits.pl
plural.pl
producttable5.pl
swap3.pl
guessnumber.pl
parallel-monte-carlo.pl
countwords.pl
f.txt
rotatelist2.pl
parallel-dir.pl
evennumbers3.pl
formatteddate2.pl
removespaces1.pl
minmax.pl
sumofnumbers1.pl
factorial.pl
primelist4.pl
squares.pl
helloworld1.pl
array-difference.pl
spell-number.pl
double-character2.pl
power2-1.pl
firstodd.pl
morse3.pl
compressor.pl
factorial2.pl
insert-operators.pl
essay.pl
average.pl
sumofdigits.pl
copy.bf
radix.pl
most-frequent-word.pl
morse.pl
sort-hash.pl
password.pl
isinlist2.pl
minmax2.pl
add-arrays.pl
brainfuck.pl
caesar.pl
sumofnumbers.pl
num-den.pl
random-neumann.pl
rotatelist.pl
fibonacci.pl
morse-text.pl
oddnumbers1.pl
isinlist3.pl
divide0.pl
monte-carlo.pl
reverselist.pl
digit-groups.pl
sumofdigits2.pl
bit-count2.pl
random-histogram.pl
morse2.pl
firstodd1.pl
count-words2.pl
factorial3.pl
