0 DIGIT ZERO
1 DIGIT ONE
2 DIGIT TWO
3 DIGIT THREE
4 DIGIT FOUR
5 DIGIT FIVE
6 DIGIT SIX
7 DIGIT SEVEN
8 DIGIT EIGHT
9 DIGIT NINE
Щ  ARABIC-INDIC DIGIT ZERO
ЩЎ ARABIC-INDIC DIGIT ONE
Щў ARABIC-INDIC DIGIT TWO
ЩЈ ARABIC-INDIC DIGIT THREE
ЩӨ ARABIC-INDIC DIGIT FOUR
ЩҘ ARABIC-INDIC DIGIT FIVE
ЩҰ ARABIC-INDIC DIGIT SIX
Щ§ ARABIC-INDIC DIGIT SEVEN
ЩЁ ARABIC-INDIC DIGIT EIGHT
Щ© ARABIC-INDIC DIGIT NINE
Ы° EXTENDED ARABIC-INDIC DIGIT ZERO
Ыұ EXTENDED ARABIC-INDIC DIGIT ONE
ЫІ EXTENDED ARABIC-INDIC DIGIT TWO
Ыі EXTENDED ARABIC-INDIC DIGIT THREE
Ыҙ EXTENDED ARABIC-INDIC DIGIT FOUR
Ыө EXTENDED ARABIC-INDIC DIGIT FIVE
Ы¶ EXTENDED ARABIC-INDIC DIGIT SIX
Ы· EXTENDED ARABIC-INDIC DIGIT SEVEN
Ыё EXTENDED ARABIC-INDIC DIGIT EIGHT
Ы№ EXTENDED ARABIC-INDIC DIGIT NINE
ЯҖ NKO DIGIT ZERO
ЯҒ NKO DIGIT ONE
ЯӮ NKO DIGIT TWO
Яғ NKO DIGIT THREE
Я„ NKO DIGIT FOUR
Я… NKO DIGIT FIVE
ЯҶ NKO DIGIT SIX
ЯҮ NKO DIGIT SEVEN
ЯҲ NKO DIGIT EIGHT
Яү NKO DIGIT NINE
аҘҰ DEVANAGARI DIGIT ZERO
аҘ§ DEVANAGARI DIGIT ONE
аҘЁ DEVANAGARI DIGIT TWO
аҘ© DEVANAGARI DIGIT THREE
аҘӘ DEVANAGARI DIGIT FOUR
аҘ« DEVANAGARI DIGIT FIVE
аҘ¬ DEVANAGARI DIGIT SIX
аҘӯ DEVANAGARI DIGIT SEVEN
аҘ® DEVANAGARI DIGIT EIGHT
аҘҜ DEVANAGARI DIGIT NINE
а§Ұ BENGALI DIGIT ZERO
а§§ BENGALI DIGIT ONE
а§Ё BENGALI DIGIT TWO
а§© BENGALI DIGIT THREE
а§Ә BENGALI DIGIT FOUR
а§« BENGALI DIGIT FIVE
а§¬ BENGALI DIGIT SIX
а§ӯ BENGALI DIGIT SEVEN
а§® BENGALI DIGIT EIGHT
а§Ҝ BENGALI DIGIT NINE
а©Ұ GURMUKHI DIGIT ZERO
а©§ GURMUKHI DIGIT ONE
а©Ё GURMUKHI DIGIT TWO
а©© GURMUKHI DIGIT THREE
а©Ә GURMUKHI DIGIT FOUR
а©« GURMUKHI DIGIT FIVE
а©¬ GURMUKHI DIGIT SIX
а©ӯ GURMUKHI DIGIT SEVEN
а©® GURMUKHI DIGIT EIGHT
а©Ҝ GURMUKHI DIGIT NINE
а«Ұ GUJARATI DIGIT ZERO
а«§ GUJARATI DIGIT ONE
а«Ё GUJARATI DIGIT TWO
а«© GUJARATI DIGIT THREE
а«Ә GUJARATI DIGIT FOUR
а«« GUJARATI DIGIT FIVE
а«¬ GUJARATI DIGIT SIX
а«ӯ GUJARATI DIGIT SEVEN
а«® GUJARATI DIGIT EIGHT
а«Ҝ GUJARATI DIGIT NINE
аӯҰ ORIYA DIGIT ZERO
аӯ§ ORIYA DIGIT ONE
аӯЁ ORIYA DIGIT TWO
аӯ© ORIYA DIGIT THREE
аӯӘ ORIYA DIGIT FOUR
аӯ« ORIYA DIGIT FIVE
аӯ¬ ORIYA DIGIT SIX
аӯӯ ORIYA DIGIT SEVEN
аӯ® ORIYA DIGIT EIGHT
аӯҜ ORIYA DIGIT NINE
аҜҰ TAMIL DIGIT ZERO
аҜ§ TAMIL DIGIT ONE
аҜЁ TAMIL DIGIT TWO
аҜ© TAMIL DIGIT THREE
аҜӘ TAMIL DIGIT FOUR
аҜ« TAMIL DIGIT FIVE
аҜ¬ TAMIL DIGIT SIX
аҜӯ TAMIL DIGIT SEVEN
аҜ® TAMIL DIGIT EIGHT
аҜҜ TAMIL DIGIT NINE
аұҰ TELUGU DIGIT ZERO
аұ§ TELUGU DIGIT ONE
аұЁ TELUGU DIGIT TWO
аұ© TELUGU DIGIT THREE
аұӘ TELUGU DIGIT FOUR
аұ« TELUGU DIGIT FIVE
аұ¬ TELUGU DIGIT SIX
аұӯ TELUGU DIGIT SEVEN
аұ® TELUGU DIGIT EIGHT
аұҜ TELUGU DIGIT NINE
аіҰ KANNADA DIGIT ZERO
аі§ KANNADA DIGIT ONE
аіЁ KANNADA DIGIT TWO
аі© KANNADA DIGIT THREE
аіӘ KANNADA DIGIT FOUR
аі« KANNADA DIGIT FIVE
аі¬ KANNADA DIGIT SIX
аіӯ KANNADA DIGIT SEVEN
аі® KANNADA DIGIT EIGHT
аіҜ KANNADA DIGIT NINE
аөҰ MALAYALAM DIGIT ZERO
аө§ MALAYALAM DIGIT ONE
аөЁ MALAYALAM DIGIT TWO
аө© MALAYALAM DIGIT THREE
аөӘ MALAYALAM DIGIT FOUR
аө« MALAYALAM DIGIT FIVE
аө¬ MALAYALAM DIGIT SIX
аөӯ MALAYALAM DIGIT SEVEN
аө® MALAYALAM DIGIT EIGHT
аөҜ MALAYALAM DIGIT NINE
а·Ұ SINHALA LITH DIGIT ZERO
а·§ SINHALA LITH DIGIT ONE
а·Ё SINHALA LITH DIGIT TWO
а·© SINHALA LITH DIGIT THREE
а·Ә SINHALA LITH DIGIT FOUR
а·« SINHALA LITH DIGIT FIVE
а·¬ SINHALA LITH DIGIT SIX
а·ӯ SINHALA LITH DIGIT SEVEN
а·® SINHALA LITH DIGIT EIGHT
а·Ҝ SINHALA LITH DIGIT NINE
а№җ THAI DIGIT ZERO
а№‘ THAI DIGIT ONE
а№’ THAI DIGIT TWO
а№“ THAI DIGIT THREE
а№” THAI DIGIT FOUR
а№• THAI DIGIT FIVE
а№– THAI DIGIT SIX
а№— THAI DIGIT SEVEN
а№ҳ THAI DIGIT EIGHT
а№ҷ THAI DIGIT NINE
а»җ LAO DIGIT ZERO
а»‘ LAO DIGIT ONE
а»’ LAO DIGIT TWO
а»“ LAO DIGIT THREE
а»” LAO DIGIT FOUR
а»• LAO DIGIT FIVE
а»– LAO DIGIT SIX
а»— LAO DIGIT SEVEN
а»ҳ LAO DIGIT EIGHT
а»ҷ LAO DIGIT NINE
ај  TIBETAN DIGIT ZERO
ајЎ TIBETAN DIGIT ONE
ајў TIBETAN DIGIT TWO
ајЈ TIBETAN DIGIT THREE
ајӨ TIBETAN DIGIT FOUR
ајҘ TIBETAN DIGIT FIVE
ајҰ TIBETAN DIGIT SIX
ај§ TIBETAN DIGIT SEVEN
ајЁ TIBETAN DIGIT EIGHT
ај© TIBETAN DIGIT NINE
бҒҖ MYANMAR DIGIT ZERO
бҒҒ MYANMAR DIGIT ONE
бҒӮ MYANMAR DIGIT TWO
бҒғ MYANMAR DIGIT THREE
бҒ„ MYANMAR DIGIT FOUR
бҒ… MYANMAR DIGIT FIVE
бҒҶ MYANMAR DIGIT SIX
бҒҮ MYANMAR DIGIT SEVEN
бҒҲ MYANMAR DIGIT EIGHT
бҒү MYANMAR DIGIT NINE
бӮҗ MYANMAR SHAN DIGIT ZERO
бӮ‘ MYANMAR SHAN DIGIT ONE
бӮ’ MYANMAR SHAN DIGIT TWO
бӮ“ MYANMAR SHAN DIGIT THREE
бӮ” MYANMAR SHAN DIGIT FOUR
бӮ• MYANMAR SHAN DIGIT FIVE
бӮ– MYANMAR SHAN DIGIT SIX
бӮ— MYANMAR SHAN DIGIT SEVEN
бӮҳ MYANMAR SHAN DIGIT EIGHT
бӮҷ MYANMAR SHAN DIGIT NINE
бҹ  KHMER DIGIT ZERO
бҹЎ KHMER DIGIT ONE
бҹў KHMER DIGIT TWO
бҹЈ KHMER DIGIT THREE
бҹӨ KHMER DIGIT FOUR
бҹҘ KHMER DIGIT FIVE
бҹҰ KHMER DIGIT SIX
бҹ§ KHMER DIGIT SEVEN
бҹЁ KHMER DIGIT EIGHT
бҹ© KHMER DIGIT NINE
б җ MONGOLIAN DIGIT ZERO
б ‘ MONGOLIAN DIGIT ONE
б ’ MONGOLIAN DIGIT TWO
б “ MONGOLIAN DIGIT THREE
б ” MONGOLIAN DIGIT FOUR
б • MONGOLIAN DIGIT FIVE
б – MONGOLIAN DIGIT SIX
б — MONGOLIAN DIGIT SEVEN
б ҳ MONGOLIAN DIGIT EIGHT
б ҷ MONGOLIAN DIGIT NINE
бҘҶ LIMBU DIGIT ZERO
бҘҮ LIMBU DIGIT ONE
бҘҲ LIMBU DIGIT TWO
бҘү LIMBU DIGIT THREE
бҘҠ LIMBU DIGIT FOUR
бҘӢ LIMBU DIGIT FIVE
бҘҢ LIMBU DIGIT SIX
бҘҚ LIMBU DIGIT SEVEN
бҘҺ LIMBU DIGIT EIGHT
бҘҸ LIMBU DIGIT NINE
б§җ NEW TAI LUE DIGIT ZERO
б§‘ NEW TAI LUE DIGIT ONE
б§’ NEW TAI LUE DIGIT TWO
б§“ NEW TAI LUE DIGIT THREE
б§” NEW TAI LUE DIGIT FOUR
б§• NEW TAI LUE DIGIT FIVE
б§– NEW TAI LUE DIGIT SIX
б§— NEW TAI LUE DIGIT SEVEN
б§ҳ NEW TAI LUE DIGIT EIGHT
б§ҷ NEW TAI LUE DIGIT NINE
бӘҖ TAI THAM HORA DIGIT ZERO
бӘҒ TAI THAM HORA DIGIT ONE
бӘӮ TAI THAM HORA DIGIT TWO
бӘғ TAI THAM HORA DIGIT THREE
бӘ„ TAI THAM HORA DIGIT FOUR
бӘ… TAI THAM HORA DIGIT FIVE
бӘҶ TAI THAM HORA DIGIT SIX
бӘҮ TAI THAM HORA DIGIT SEVEN
бӘҲ TAI THAM HORA DIGIT EIGHT
бӘү TAI THAM HORA DIGIT NINE
бӘҗ TAI THAM THAM DIGIT ZERO
бӘ‘ TAI THAM THAM DIGIT ONE
бӘ’ TAI THAM THAM DIGIT TWO
бӘ“ TAI THAM THAM DIGIT THREE
бӘ” TAI THAM THAM DIGIT FOUR
бӘ• TAI THAM THAM DIGIT FIVE
бӘ– TAI THAM THAM DIGIT SIX
бӘ— TAI THAM THAM DIGIT SEVEN
бӘҳ TAI THAM THAM DIGIT EIGHT
бӘҷ TAI THAM THAM DIGIT NINE
бӯҗ BALINESE DIGIT ZERO
бӯ‘ BALINESE DIGIT ONE
бӯ’ BALINESE DIGIT TWO
бӯ“ BALINESE DIGIT THREE
бӯ” BALINESE DIGIT FOUR
бӯ• BALINESE DIGIT FIVE
бӯ– BALINESE DIGIT SIX
бӯ— BALINESE DIGIT SEVEN
бӯҳ BALINESE DIGIT EIGHT
бӯҷ BALINESE DIGIT NINE
б®° SUNDANESE DIGIT ZERO
б®ұ SUNDANESE DIGIT ONE
б®І SUNDANESE DIGIT TWO
б®і SUNDANESE DIGIT THREE
б®ҙ SUNDANESE DIGIT FOUR
б®ө SUNDANESE DIGIT FIVE
б®¶ SUNDANESE DIGIT SIX
б®· SUNDANESE DIGIT SEVEN
б®ё SUNDANESE DIGIT EIGHT
б®№ SUNDANESE DIGIT NINE
бұҖ LEPCHA DIGIT ZERO
бұҒ LEPCHA DIGIT ONE
бұӮ LEPCHA DIGIT TWO
бұғ LEPCHA DIGIT THREE
бұ„ LEPCHA DIGIT FOUR
бұ… LEPCHA DIGIT FIVE
бұҶ LEPCHA DIGIT SIX
бұҮ LEPCHA DIGIT SEVEN
бұҲ LEPCHA DIGIT EIGHT
бұү LEPCHA DIGIT NINE
бұҗ OL CHIKI DIGIT ZERO
бұ‘ OL CHIKI DIGIT ONE
бұ’ OL CHIKI DIGIT TWO
бұ“ OL CHIKI DIGIT THREE
бұ” OL CHIKI DIGIT FOUR
бұ• OL CHIKI DIGIT FIVE
бұ– OL CHIKI DIGIT SIX
бұ— OL CHIKI DIGIT SEVEN
бұҳ OL CHIKI DIGIT EIGHT
бұҷ OL CHIKI DIGIT NINE
кҳ  VAI DIGIT ZERO
кҳЎ VAI DIGIT ONE
кҳў VAI DIGIT TWO
кҳЈ VAI DIGIT THREE
кҳӨ VAI DIGIT FOUR
кҳҘ VAI DIGIT FIVE
кҳҰ VAI DIGIT SIX
кҳ§ VAI DIGIT SEVEN
кҳЁ VAI DIGIT EIGHT
кҳ© VAI DIGIT NINE
кЈҗ SAURASHTRA DIGIT ZERO
кЈ‘ SAURASHTRA DIGIT ONE
кЈ’ SAURASHTRA DIGIT TWO
кЈ“ SAURASHTRA DIGIT THREE
кЈ” SAURASHTRA DIGIT FOUR
кЈ• SAURASHTRA DIGIT FIVE
кЈ– SAURASHTRA DIGIT SIX
кЈ— SAURASHTRA DIGIT SEVEN
кЈҳ SAURASHTRA DIGIT EIGHT
кЈҷ SAURASHTRA DIGIT NINE
кӨҖ KAYAH LI DIGIT ZERO
кӨҒ KAYAH LI DIGIT ONE
кӨӮ KAYAH LI DIGIT TWO
кӨғ KAYAH LI DIGIT THREE
кӨ„ KAYAH LI DIGIT FOUR
кӨ… KAYAH LI DIGIT FIVE
кӨҶ KAYAH LI DIGIT SIX
кӨҮ KAYAH LI DIGIT SEVEN
кӨҲ KAYAH LI DIGIT EIGHT
кӨү KAYAH LI DIGIT NINE
к§җ JAVANESE DIGIT ZERO
к§‘ JAVANESE DIGIT ONE
к§’ JAVANESE DIGIT TWO
к§“ JAVANESE DIGIT THREE
к§” JAVANESE DIGIT FOUR
к§• JAVANESE DIGIT FIVE
к§– JAVANESE DIGIT SIX
к§— JAVANESE DIGIT SEVEN
к§ҳ JAVANESE DIGIT EIGHT
к§ҷ JAVANESE DIGIT NINE
к§° MYANMAR TAI LAING DIGIT ZERO
к§ұ MYANMAR TAI LAING DIGIT ONE
к§І MYANMAR TAI LAING DIGIT TWO
к§і MYANMAR TAI LAING DIGIT THREE
к§ҙ MYANMAR TAI LAING DIGIT FOUR
к§ө MYANMAR TAI LAING DIGIT FIVE
к§¶ MYANMAR TAI LAING DIGIT SIX
к§· MYANMAR TAI LAING DIGIT SEVEN
к§ё MYANMAR TAI LAING DIGIT EIGHT
к§№ MYANMAR TAI LAING DIGIT NINE
к©җ CHAM DIGIT ZERO
к©‘ CHAM DIGIT ONE
к©’ CHAM DIGIT TWO
к©“ CHAM DIGIT THREE
к©” CHAM DIGIT FOUR
к©• CHAM DIGIT FIVE
к©– CHAM DIGIT SIX
к©— CHAM DIGIT SEVEN
к©ҳ CHAM DIGIT EIGHT
к©ҷ CHAM DIGIT NINE
кҜ° MEETEI MAYEK DIGIT ZERO
кҜұ MEETEI MAYEK DIGIT ONE
кҜІ MEETEI MAYEK DIGIT TWO
кҜі MEETEI MAYEK DIGIT THREE
кҜҙ MEETEI MAYEK DIGIT FOUR
кҜө MEETEI MAYEK DIGIT FIVE
кҜ¶ MEETEI MAYEK DIGIT SIX
кҜ· MEETEI MAYEK DIGIT SEVEN
кҜё MEETEI MAYEK DIGIT EIGHT
кҜ№ MEETEI MAYEK DIGIT NINE
пјҗ FULLWIDTH DIGIT ZERO
пј‘ FULLWIDTH DIGIT ONE
пј’ FULLWIDTH DIGIT TWO
пј“ FULLWIDTH DIGIT THREE
пј” FULLWIDTH DIGIT FOUR
пј• FULLWIDTH DIGIT FIVE
пј– FULLWIDTH DIGIT SIX
пј— FULLWIDTH DIGIT SEVEN
пјҳ FULLWIDTH DIGIT EIGHT
пјҷ FULLWIDTH DIGIT NINE
рҗ’  OSMANYA DIGIT ZERO
рҗ’Ў OSMANYA DIGIT ONE
рҗ’ў OSMANYA DIGIT TWO
рҗ’Ј OSMANYA DIGIT THREE
рҗ’Ө OSMANYA DIGIT FOUR
рҗ’Ҙ OSMANYA DIGIT FIVE
рҗ’Ұ OSMANYA DIGIT SIX
рҗ’§ OSMANYA DIGIT SEVEN
рҗ’Ё OSMANYA DIGIT EIGHT
рҗ’© OSMANYA DIGIT NINE
рҗҙ° HANIFI ROHINGYA DIGIT ZERO
рҗҙұ HANIFI ROHINGYA DIGIT ONE
рҗҙІ HANIFI ROHINGYA DIGIT TWO
рҗҙі HANIFI ROHINGYA DIGIT THREE
рҗҙҙ HANIFI ROHINGYA DIGIT FOUR
рҗҙө HANIFI ROHINGYA DIGIT FIVE
рҗҙ¶ HANIFI ROHINGYA DIGIT SIX
рҗҙ· HANIFI ROHINGYA DIGIT SEVEN
рҗҙё HANIFI ROHINGYA DIGIT EIGHT
рҗҙ№ HANIFI ROHINGYA DIGIT NINE
рҗөҖ GARAY DIGIT ZERO
рҗөҒ GARAY DIGIT ONE
рҗөӮ GARAY DIGIT TWO
рҗөғ GARAY DIGIT THREE
рҗө„ GARAY DIGIT FOUR
рҗө… GARAY DIGIT FIVE
рҗөҶ GARAY DIGIT SIX
рҗөҮ GARAY DIGIT SEVEN
рҗөҲ GARAY DIGIT EIGHT
рҗөү GARAY DIGIT NINE
р‘ҒҰ BRAHMI DIGIT ZERO
р‘Ғ§ BRAHMI DIGIT ONE
р‘ҒЁ BRAHMI DIGIT TWO
р‘Ғ© BRAHMI DIGIT THREE
р‘ҒӘ BRAHMI DIGIT FOUR
р‘Ғ« BRAHMI DIGIT FIVE
р‘Ғ¬ BRAHMI DIGIT SIX
р‘Ғӯ BRAHMI DIGIT SEVEN
р‘Ғ® BRAHMI DIGIT EIGHT
р‘ҒҜ BRAHMI DIGIT NINE
р‘ғ° SORA SOMPENG DIGIT ZERO
р‘ғұ SORA SOMPENG DIGIT ONE
р‘ғІ SORA SOMPENG DIGIT TWO
р‘ғі SORA SOMPENG DIGIT THREE
р‘ғҙ SORA SOMPENG DIGIT FOUR
р‘ғө SORA SOMPENG DIGIT FIVE
р‘ғ¶ SORA SOMPENG DIGIT SIX
р‘ғ· SORA SOMPENG DIGIT SEVEN
р‘ғё SORA SOMPENG DIGIT EIGHT
р‘ғ№ SORA SOMPENG DIGIT NINE
р‘„¶ CHAKMA DIGIT ZERO
р‘„· CHAKMA DIGIT ONE
р‘„ё CHAKMA DIGIT TWO
р‘„№ CHAKMA DIGIT THREE
р‘„ә CHAKMA DIGIT FOUR
р‘„» CHAKMA DIGIT FIVE
р‘„ј CHAKMA DIGIT SIX
р‘„Ҫ CHAKMA DIGIT SEVEN
р‘„ҫ CHAKMA DIGIT EIGHT
р‘„ҝ CHAKMA DIGIT NINE
р‘Үҗ SHARADA DIGIT ZERO
р‘Ү‘ SHARADA DIGIT ONE
р‘Ү’ SHARADA DIGIT TWO
р‘Ү“ SHARADA DIGIT THREE
р‘Ү” SHARADA DIGIT FOUR
р‘Ү• SHARADA DIGIT FIVE
р‘Ү– SHARADA DIGIT SIX
р‘Ү— SHARADA DIGIT SEVEN
р‘Үҳ SHARADA DIGIT EIGHT
р‘Үҷ SHARADA DIGIT NINE
р‘Ӣ° KHUDAWADI DIGIT ZERO
р‘Ӣұ KHUDAWADI DIGIT ONE
р‘ӢІ KHUDAWADI DIGIT TWO
р‘Ӣі KHUDAWADI DIGIT THREE
р‘Ӣҙ KHUDAWADI DIGIT FOUR
р‘Ӣө KHUDAWADI DIGIT FIVE
р‘Ӣ¶ KHUDAWADI DIGIT SIX
р‘Ӣ· KHUDAWADI DIGIT SEVEN
р‘Ӣё KHUDAWADI DIGIT EIGHT
р‘Ӣ№ KHUDAWADI DIGIT NINE
р‘‘җ NEWA DIGIT ZERO
р‘‘‘ NEWA DIGIT ONE
р‘‘’ NEWA DIGIT TWO
р‘‘“ NEWA DIGIT THREE
р‘‘” NEWA DIGIT FOUR
р‘‘• NEWA DIGIT FIVE
р‘‘– NEWA DIGIT SIX
р‘‘— NEWA DIGIT SEVEN
р‘‘ҳ NEWA DIGIT EIGHT
р‘‘ҷ NEWA DIGIT NINE
р‘“җ TIRHUTA DIGIT ZERO
р‘“‘ TIRHUTA DIGIT ONE
р‘“’ TIRHUTA DIGIT TWO
р‘““ TIRHUTA DIGIT THREE
р‘“” TIRHUTA DIGIT FOUR
р‘“• TIRHUTA DIGIT FIVE
р‘“– TIRHUTA DIGIT SIX
р‘“— TIRHUTA DIGIT SEVEN
р‘“ҳ TIRHUTA DIGIT EIGHT
р‘“ҷ TIRHUTA DIGIT NINE
р‘ҷҗ MODI DIGIT ZERO
р‘ҷ‘ MODI DIGIT ONE
р‘ҷ’ MODI DIGIT TWO
р‘ҷ“ MODI DIGIT THREE
р‘ҷ” MODI DIGIT FOUR
р‘ҷ• MODI DIGIT FIVE
р‘ҷ– MODI DIGIT SIX
р‘ҷ— MODI DIGIT SEVEN
р‘ҷҳ MODI DIGIT EIGHT
р‘ҷҷ MODI DIGIT NINE
р‘ӣҖ TAKRI DIGIT ZERO
р‘ӣҒ TAKRI DIGIT ONE
р‘ӣӮ TAKRI DIGIT TWO
р‘ӣғ TAKRI DIGIT THREE
р‘ӣ„ TAKRI DIGIT FOUR
р‘ӣ… TAKRI DIGIT FIVE
р‘ӣҶ TAKRI DIGIT SIX
р‘ӣҮ TAKRI DIGIT SEVEN
р‘ӣҲ TAKRI DIGIT EIGHT
р‘ӣү TAKRI DIGIT NINE
р‘ӣҗ MYANMAR PAO DIGIT ZERO
р‘ӣ‘ MYANMAR PAO DIGIT ONE
р‘ӣ’ MYANMAR PAO DIGIT TWO
р‘ӣ“ MYANMAR PAO DIGIT THREE
р‘ӣ” MYANMAR PAO DIGIT FOUR
р‘ӣ• MYANMAR PAO DIGIT FIVE
р‘ӣ– MYANMAR PAO DIGIT SIX
р‘ӣ— MYANMAR PAO DIGIT SEVEN
р‘ӣҳ MYANMAR PAO DIGIT EIGHT
р‘ӣҷ MYANMAR PAO DIGIT NINE
р‘ӣҡ MYANMAR EASTERN PWO KAREN DIGIT ZERO
р‘ӣӣ MYANMAR EASTERN PWO KAREN DIGIT ONE
р‘ӣң MYANMAR EASTERN PWO KAREN DIGIT TWO
р‘ӣқ MYANMAR EASTERN PWO KAREN DIGIT THREE
р‘ӣһ MYANMAR EASTERN PWO KAREN DIGIT FOUR
р‘ӣҹ MYANMAR EASTERN PWO KAREN DIGIT FIVE
р‘ӣ  MYANMAR EASTERN PWO KAREN DIGIT SIX
р‘ӣЎ MYANMAR EASTERN PWO KAREN DIGIT SEVEN
р‘ӣў MYANMAR EASTERN PWO KAREN DIGIT EIGHT
р‘ӣЈ MYANMAR EASTERN PWO KAREN DIGIT NINE
р‘ң° AHOM DIGIT ZERO
р‘ңұ AHOM DIGIT ONE
р‘ңІ AHOM DIGIT TWO
р‘ңі AHOM DIGIT THREE
р‘ңҙ AHOM DIGIT FOUR
р‘ңө AHOM DIGIT FIVE
р‘ң¶ AHOM DIGIT SIX
р‘ң· AHOM DIGIT SEVEN
р‘ңё AHOM DIGIT EIGHT
р‘ң№ AHOM DIGIT NINE
р‘Ј  WARANG CITI DIGIT ZERO
р‘ЈЎ WARANG CITI DIGIT ONE
р‘Јў WARANG CITI DIGIT TWO
р‘ЈЈ WARANG CITI DIGIT THREE
р‘ЈӨ WARANG CITI DIGIT FOUR
р‘ЈҘ WARANG CITI DIGIT FIVE
р‘ЈҰ WARANG CITI DIGIT SIX
р‘Ј§ WARANG CITI DIGIT SEVEN
р‘ЈЁ WARANG CITI DIGIT EIGHT
р‘Ј© WARANG CITI DIGIT NINE
р‘Ҙҗ DIVES AKURU DIGIT ZERO
р‘Ҙ‘ DIVES AKURU DIGIT ONE
р‘Ҙ’ DIVES AKURU DIGIT TWO
р‘Ҙ“ DIVES AKURU DIGIT THREE
р‘Ҙ” DIVES AKURU DIGIT FOUR
р‘Ҙ• DIVES AKURU DIGIT FIVE
р‘Ҙ– DIVES AKURU DIGIT SIX
р‘Ҙ— DIVES AKURU DIGIT SEVEN
р‘Ҙҳ DIVES AKURU DIGIT EIGHT
р‘Ҙҷ DIVES AKURU DIGIT NINE
р‘Ҝ° SUNUWAR DIGIT ZERO
р‘Ҝұ SUNUWAR DIGIT ONE
р‘ҜІ SUNUWAR DIGIT TWO
р‘Ҝі SUNUWAR DIGIT THREE
р‘Ҝҙ SUNUWAR DIGIT FOUR
р‘Ҝө SUNUWAR DIGIT FIVE
р‘Ҝ¶ SUNUWAR DIGIT SIX
р‘Ҝ· SUNUWAR DIGIT SEVEN
р‘Ҝё SUNUWAR DIGIT EIGHT
р‘Ҝ№ SUNUWAR DIGIT NINE
р‘ұҗ BHAIKSUKI DIGIT ZERO
р‘ұ‘ BHAIKSUKI DIGIT ONE
р‘ұ’ BHAIKSUKI DIGIT TWO
р‘ұ“ BHAIKSUKI DIGIT THREE
р‘ұ” BHAIKSUKI DIGIT FOUR
р‘ұ• BHAIKSUKI DIGIT FIVE
р‘ұ– BHAIKSUKI DIGIT SIX
р‘ұ— BHAIKSUKI DIGIT SEVEN
р‘ұҳ BHAIKSUKI DIGIT EIGHT
р‘ұҷ BHAIKSUKI DIGIT NINE
р‘өҗ MASARAM GONDI DIGIT ZERO
р‘ө‘ MASARAM GONDI DIGIT ONE
р‘ө’ MASARAM GONDI DIGIT TWO
р‘ө“ MASARAM GONDI DIGIT THREE
р‘ө” MASARAM GONDI DIGIT FOUR
р‘ө• MASARAM GONDI DIGIT FIVE
р‘ө– MASARAM GONDI DIGIT SIX
р‘ө— MASARAM GONDI DIGIT SEVEN
р‘өҳ MASARAM GONDI DIGIT EIGHT
р‘өҷ MASARAM GONDI DIGIT NINE
р‘¶  GUNJALA GONDI DIGIT ZERO
р‘¶Ў GUNJALA GONDI DIGIT ONE
р‘¶ў GUNJALA GONDI DIGIT TWO
р‘¶Ј GUNJALA GONDI DIGIT THREE
р‘¶Ө GUNJALA GONDI DIGIT FOUR
р‘¶Ҙ GUNJALA GONDI DIGIT FIVE
р‘¶Ұ GUNJALA GONDI DIGIT SIX
р‘¶§ GUNJALA GONDI DIGIT SEVEN
р‘¶Ё GUNJALA GONDI DIGIT EIGHT
р‘¶© GUNJALA GONDI DIGIT NINE
р‘·  TOLONG SIKI DIGIT ZERO
р‘·Ў TOLONG SIKI DIGIT ONE
р‘·ў TOLONG SIKI DIGIT TWO
р‘·Ј TOLONG SIKI DIGIT THREE
р‘·Ө TOLONG SIKI DIGIT FOUR
р‘·Ҙ TOLONG SIKI DIGIT FIVE
р‘·Ұ TOLONG SIKI DIGIT SIX
р‘·§ TOLONG SIKI DIGIT SEVEN
р‘·Ё TOLONG SIKI DIGIT EIGHT
р‘·© TOLONG SIKI DIGIT NINE
р‘Ҫҗ KAWI DIGIT ZERO
р‘Ҫ‘ KAWI DIGIT ONE
р‘Ҫ’ KAWI DIGIT TWO
р‘Ҫ“ KAWI DIGIT THREE
р‘Ҫ” KAWI DIGIT FOUR
р‘Ҫ• KAWI DIGIT FIVE
р‘Ҫ– KAWI DIGIT SIX
р‘Ҫ— KAWI DIGIT SEVEN
р‘Ҫҳ KAWI DIGIT EIGHT
р‘Ҫҷ KAWI DIGIT NINE
р–„° GURUNG KHEMA DIGIT ZERO
р–„ұ GURUNG KHEMA DIGIT ONE
р–„І GURUNG KHEMA DIGIT TWO
р–„і GURUNG KHEMA DIGIT THREE
р–„ҙ GURUNG KHEMA DIGIT FOUR
р–„ө GURUNG KHEMA DIGIT FIVE
р–„¶ GURUNG KHEMA DIGIT SIX
р–„· GURUNG KHEMA DIGIT SEVEN
р–„ё GURUNG KHEMA DIGIT EIGHT
р–„№ GURUNG KHEMA DIGIT NINE
р–©  MRO DIGIT ZERO
р–©Ў MRO DIGIT ONE
р–©ў MRO DIGIT TWO
р–©Ј MRO DIGIT THREE
р–©Ө MRO DIGIT FOUR
р–©Ҙ MRO DIGIT FIVE
р–©Ұ MRO DIGIT SIX
р–©§ MRO DIGIT SEVEN
р–©Ё MRO DIGIT EIGHT
р–©© MRO DIGIT NINE
р–«Җ TANGSA DIGIT ZERO
р–«Ғ TANGSA DIGIT ONE
р–«Ӯ TANGSA DIGIT TWO
р–«ғ TANGSA DIGIT THREE
р–«„ TANGSA DIGIT FOUR
р–«… TANGSA DIGIT FIVE
р–«Ҷ TANGSA DIGIT SIX
р–«Ү TANGSA DIGIT SEVEN
р–«Ҳ TANGSA DIGIT EIGHT
р–«ү TANGSA DIGIT NINE
р–ӯҗ PAHAWH HMONG DIGIT ZERO
р–ӯ‘ PAHAWH HMONG DIGIT ONE
р–ӯ’ PAHAWH HMONG DIGIT TWO
р–ӯ“ PAHAWH HMONG DIGIT THREE
р–ӯ” PAHAWH HMONG DIGIT FOUR
р–ӯ• PAHAWH HMONG DIGIT FIVE
р–ӯ– PAHAWH HMONG DIGIT SIX
р–ӯ— PAHAWH HMONG DIGIT SEVEN
р–ӯҳ PAHAWH HMONG DIGIT EIGHT
р–ӯҷ PAHAWH HMONG DIGIT NINE
р–ө° KIRAT RAI DIGIT ZERO
р–өұ KIRAT RAI DIGIT ONE
р–өІ KIRAT RAI DIGIT TWO
р–өі KIRAT RAI DIGIT THREE
р–өҙ KIRAT RAI DIGIT FOUR
р–өө KIRAT RAI DIGIT FIVE
р–ө¶ KIRAT RAI DIGIT SIX
р–ө· KIRAT RAI DIGIT SEVEN
р–өё KIRAT RAI DIGIT EIGHT
р–ө№ KIRAT RAI DIGIT NINE
рңі° OUTLINED DIGIT ZERO
рңіұ OUTLINED DIGIT ONE
рңіІ OUTLINED DIGIT TWO
рңіі OUTLINED DIGIT THREE
рңіҙ OUTLINED DIGIT FOUR
рңіө OUTLINED DIGIT FIVE
рңі¶ OUTLINED DIGIT SIX
рңі· OUTLINED DIGIT SEVEN
рңіё OUTLINED DIGIT EIGHT
рңі№ OUTLINED DIGIT NINE
рқҹҺ MATHEMATICAL BOLD DIGIT ZERO
рқҹҸ MATHEMATICAL BOLD DIGIT ONE
рқҹҗ MATHEMATICAL BOLD DIGIT TWO
рқҹ‘ MATHEMATICAL BOLD DIGIT THREE
рқҹ’ MATHEMATICAL BOLD DIGIT FOUR
рқҹ“ MATHEMATICAL BOLD DIGIT FIVE
рқҹ” MATHEMATICAL BOLD DIGIT SIX
рқҹ• MATHEMATICAL BOLD DIGIT SEVEN
рқҹ– MATHEMATICAL BOLD DIGIT EIGHT
рқҹ— MATHEMATICAL BOLD DIGIT NINE
рқҹҳ MATHEMATICAL DOUBLE-STRUCK DIGIT ZERO
рқҹҷ MATHEMATICAL DOUBLE-STRUCK DIGIT ONE
рқҹҡ MATHEMATICAL DOUBLE-STRUCK DIGIT TWO
рқҹӣ MATHEMATICAL DOUBLE-STRUCK DIGIT THREE
рқҹң MATHEMATICAL DOUBLE-STRUCK DIGIT FOUR
рқҹқ MATHEMATICAL DOUBLE-STRUCK DIGIT FIVE
рқҹһ MATHEMATICAL DOUBLE-STRUCK DIGIT SIX
рқҹҹ MATHEMATICAL DOUBLE-STRUCK DIGIT SEVEN
рқҹ  MATHEMATICAL DOUBLE-STRUCK DIGIT EIGHT
рқҹЎ MATHEMATICAL DOUBLE-STRUCK DIGIT NINE
рқҹў MATHEMATICAL SANS-SERIF DIGIT ZERO
рқҹЈ MATHEMATICAL SANS-SERIF DIGIT ONE
рқҹӨ MATHEMATICAL SANS-SERIF DIGIT TWO
рқҹҘ MATHEMATICAL SANS-SERIF DIGIT THREE
рқҹҰ MATHEMATICAL SANS-SERIF DIGIT FOUR
рқҹ§ MATHEMATICAL SANS-SERIF DIGIT FIVE
рқҹЁ MATHEMATICAL SANS-SERIF DIGIT SIX
рқҹ© MATHEMATICAL SANS-SERIF DIGIT SEVEN
рқҹӘ MATHEMATICAL SANS-SERIF DIGIT EIGHT
рқҹ« MATHEMATICAL SANS-SERIF DIGIT NINE
рқҹ¬ MATHEMATICAL SANS-SERIF BOLD DIGIT ZERO
рқҹӯ MATHEMATICAL SANS-SERIF BOLD DIGIT ONE
рқҹ® MATHEMATICAL SANS-SERIF BOLD DIGIT TWO
рқҹҜ MATHEMATICAL SANS-SERIF BOLD DIGIT THREE
рқҹ° MATHEMATICAL SANS-SERIF BOLD DIGIT FOUR
рқҹұ MATHEMATICAL SANS-SERIF BOLD DIGIT FIVE
рқҹІ MATHEMATICAL SANS-SERIF BOLD DIGIT SIX
рқҹі MATHEMATICAL SANS-SERIF BOLD DIGIT SEVEN
рқҹҙ MATHEMATICAL SANS-SERIF BOLD DIGIT EIGHT
рқҹө MATHEMATICAL SANS-SERIF BOLD DIGIT NINE
рқҹ¶ MATHEMATICAL MONOSPACE DIGIT ZERO
рқҹ· MATHEMATICAL MONOSPACE DIGIT ONE
рқҹё MATHEMATICAL MONOSPACE DIGIT TWO
рқҹ№ MATHEMATICAL MONOSPACE DIGIT THREE
рқҹә MATHEMATICAL MONOSPACE DIGIT FOUR
рқҹ» MATHEMATICAL MONOSPACE DIGIT FIVE
рқҹј MATHEMATICAL MONOSPACE DIGIT SIX
рқҹҪ MATHEMATICAL MONOSPACE DIGIT SEVEN
рқҹҫ MATHEMATICAL MONOSPACE DIGIT EIGHT
рқҹҝ MATHEMATICAL MONOSPACE DIGIT NINE
рһ…Җ NYIAKENG PUACHUE HMONG DIGIT ZERO
рһ…Ғ NYIAKENG PUACHUE HMONG DIGIT ONE
рһ…Ӯ NYIAKENG PUACHUE HMONG DIGIT TWO
рһ…ғ NYIAKENG PUACHUE HMONG DIGIT THREE
рһ…„ NYIAKENG PUACHUE HMONG DIGIT FOUR
рһ…… NYIAKENG PUACHUE HMONG DIGIT FIVE
рһ…Ҷ NYIAKENG PUACHUE HMONG DIGIT SIX
рһ…Ү NYIAKENG PUACHUE HMONG DIGIT SEVEN
рһ…Ҳ NYIAKENG PUACHUE HMONG DIGIT EIGHT
рһ…ү NYIAKENG PUACHUE HMONG DIGIT NINE
рһӢ° WANCHO DIGIT ZERO
рһӢұ WANCHO DIGIT ONE
рһӢІ WANCHO DIGIT TWO
рһӢі WANCHO DIGIT THREE
рһӢҙ WANCHO DIGIT FOUR
рһӢө WANCHO DIGIT FIVE
рһӢ¶ WANCHO DIGIT SIX
рһӢ· WANCHO DIGIT SEVEN
рһӢё WANCHO DIGIT EIGHT
рһӢ№ WANCHO DIGIT NINE
рһ“° NAG MUNDARI DIGIT ZERO
рһ“ұ NAG MUNDARI DIGIT ONE
рһ“І NAG MUNDARI DIGIT TWO
рһ“і NAG MUNDARI DIGIT THREE
рһ“ҙ NAG MUNDARI DIGIT FOUR
рһ“ө NAG MUNDARI DIGIT FIVE
рһ“¶ NAG MUNDARI DIGIT SIX
рһ“· NAG MUNDARI DIGIT SEVEN
рһ“ё NAG MUNDARI DIGIT EIGHT
рһ“№ NAG MUNDARI DIGIT NINE
рһ—ұ OL ONAL DIGIT ZERO
рһ—І OL ONAL DIGIT ONE
рһ—і OL ONAL DIGIT TWO
рһ—ҙ OL ONAL DIGIT THREE
рһ—ө OL ONAL DIGIT FOUR
рһ—¶ OL ONAL DIGIT FIVE
рһ—· OL ONAL DIGIT SIX
рһ—ё OL ONAL DIGIT SEVEN
рһ—№ OL ONAL DIGIT EIGHT
рһ—ә OL ONAL DIGIT NINE
рһҘҗ ADLAM DIGIT ZERO
рһҘ‘ ADLAM DIGIT ONE
рһҘ’ ADLAM DIGIT TWO
рһҘ“ ADLAM DIGIT THREE
рһҘ” ADLAM DIGIT FOUR
рһҘ• ADLAM DIGIT FIVE
рһҘ– ADLAM DIGIT SIX
рһҘ— ADLAM DIGIT SEVEN
рһҘҳ ADLAM DIGIT EIGHT
рһҘҷ ADLAM DIGIT NINE
рҹҜ° SEGMENTED DIGIT ZERO
рҹҜұ SEGMENTED DIGIT ONE
рҹҜІ SEGMENTED DIGIT TWO
рҹҜі SEGMENTED DIGIT THREE
рҹҜҙ SEGMENTED DIGIT FOUR
рҹҜө SEGMENTED DIGIT FIVE
рҹҜ¶ SEGMENTED DIGIT SIX
рҹҜ· SEGMENTED DIGIT SEVEN
рҹҜё SEGMENTED DIGIT EIGHT
рҹҜ№ SEGMENTED DIGIT NINE
